srun: Job step aborted: Waiting up to 32 seconds for job step to finish.
slurmstepd: error: *** STEP 2855058.0 ON GPA-4-2 CANCELLED AT 2025-11-27T13:46:23 ***
slurmstepd: error: *** JOB 2855058 ON GPA-4-2 CANCELLED AT 2025-11-27T13:46:23 ***
